0 info it worked if it ends with ok
1 verbose cli [ '/usr/local/Cellar/node/7.5.0/bin/node',
1 verbose cli   '/usr/local/bin/npm',
1 verbose cli   'run',
1 verbose cli   'build' ]
2 info using npm@4.1.2
3 info using node@v7.5.0
4 verbose run-script [ 'prebuild', 'build', 'postbuild' ]
5 info lifecycle firststep@1.0.0~prebuild: firststep@1.0.0
6 silly lifecycle firststep@1.0.0~prebuild: no script for prebuild, continuing
7 info lifecycle firststep@1.0.0~build: firststep@1.0.0
8 verbose lifecycle firststep@1.0.0~build: unsafe-perm in lifecycle true
9 verbose lifecycle firststep@1.0.0~build: PATH: /usr/local/lib/node_modules/npm/bin/node-gyp-bin:/Users/dmitry/ReactLearn/node_modules/.bin:/Users/dmitry/anaconda/bin:/usr/local/bin:/usr/bin:/bin:/usr/sbin:/sbin
10 verbose lifecycle firststep@1.0.0~build: CWD: /Users/dmitry/ReactLearn
11 silly lifecycle firststep@1.0.0~build: Args: [ '-c', 'webpack' ]
12 info lifecycle firststep@1.0.0~build: Failed to exec build script
13 verbose stack Error: firststep@1.0.0 build: `webpack`
13 verbose stack spawn ENOENT
13 verbose stack     at ChildProcess.<anonymous> (/usr/local/lib/node_modules/npm/lib/utils/spawn.js:33:16)
13 verbose stack     at emitTwo (events.js:106:13)
13 verbose stack     at ChildProcess.emit (events.js:192:7)
13 verbose stack     at maybeClose (internal/child_process.js:890:16)
13 verbose stack     at Process.ChildProcess._handle.onexit (internal/child_process.js:226:5)
14 verbose pkgid firststep@1.0.0
15 verbose cwd /Users/dmitry/ReactLearn
16 error Darwin 16.5.0
17 error argv "/usr/local/Cellar/node/7.5.0/bin/node" "/usr/local/bin/npm" "run" "build"
18 error node v7.5.0
19 error npm  v4.1.2
20 error file sh
21 error code ELIFECYCLE
22 error errno ENOENT
23 error syscall spawn
24 error firststep@1.0.0 build: `webpack`
24 error spawn ENOENT
25 error Failed at the firststep@1.0.0 build script 'webpack'.
25 error Make sure you have the latest version of node.js and npm installed.
25 error If you do, this is most likely a problem with the firststep package,
25 error not with npm itself.
25 error Tell the author that this fails on your system:
25 error     webpack
25 error You can get information on how to open an issue for this project with:
25 error     npm bugs firststep
25 error Or if that isn't available, you can get their info via:
25 error     npm owner ls firststep
25 error There is likely additional logging output above.
26 verbose exit [ 1, true ]
